<?xml version="1.0" encoding="UTF-8"?>
<!-- Generated by org.testng.reporters.JUnitReportReporter -->
<testsuite hostname="JSP-LAPTOP" failures="0" tests="1" name="Tests.Search" time="4.826" errors="0" timestamp="2025-02-24T11:01:51 IST" skipped="0">
  <testcase classname="Tests.Search" name="test" time="4.826"/>
  <system-out/>
</testsuite> <!-- Tests.Search -->
