<?xml version="1.0" encoding="UTF-8"?>
<!-- Generated by org.testng.reporters.JUnitReportReporter -->
<testsuite hostname="JSP-LAPTOP" failures="0" tests="1" name="Tests.OrderPlacement" time="11.628" errors="0" timestamp="2024-09-15T12:22:46 IST" skipped="0">
  <testcase classname="Tests.OrderPlacement" name="test" time="11.628"/>
</testsuite> <!-- Tests.OrderPlacement -->
