<?xml version="1.0" encoding="UTF-8"?>
<!-- Generated by org.testng.reporters.JUnitReportReporter -->
<testsuite hostname="JSP-LAPTOP" failures="0" tests="1" name="Tests.OrderDetailTest" time="1.379" errors="0" timestamp="2025-02-21T11:05:44 IST" skipped="0">
  <testcase classname="Tests.OrderDetailTest" name="OrderDetail" time="1.379"/>
  <system-out/>
</testsuite> <!-- Tests.OrderDetailTest -->
