<?xml version="1.0" encoding="UTF-8"?>
<!-- Generated by org.testng.reporters.JUnitReportReporter -->
<testsuite hostname="JSP-LAPTOP" failures="0" tests="1" name="Tests.OrderDetailTest" time="0.000" errors="0" timestamp="2025-03-15T21:28:44 IST" skipped="1">
  <testcase classname="Tests.OrderDetailTest" name="OrderDetail" time="0.000">
    <skipped/>
  </testcase> <!-- OrderDetail -->
  <system-out/>
</testsuite> <!-- Tests.OrderDetailTest -->
