<?xml version="1.0" encoding="UTF-8"?>
<!-- Generated by org.testng.reporters.JUnitReportReporter -->
<testsuite hostname="JSP-LAPTOP" failures="0" tests="1" name="Tests.OrderConfirmTest" time="1.067" errors="0" timestamp="2025-02-21T11:05:44 IST" skipped="0">
  <testcase classname="Tests.OrderConfirmTest" name="OrderConfirm" time="1.067"/>
  <system-out/>
</testsuite> <!-- Tests.OrderConfirmTest -->
